<?xml version="1.0" encoding="UTF-8"?>
<!-- Generated by org.testng.reporters.JUnitReportReporter -->
<testsuite hostname="ABNER" failures="0" tests="1" name="handle.data.Handle_Data" time="0.161" errors="0" timestamp="16 Jan 2022 01:54:22 GMT" skipped="0">
  <testcase classname="handle.data.Handle_Data" name="TC_01_Get_Content" time="0.161"/>
</testsuite> <!-- handle.data.Handle_Data -->
