<?xml version="1.0" encoding="UTF-8"?>
<!-- Generated by org.testng.reporters.JUnitReportReporter -->
<testsuite hostname="ABNER" failures="0" tests="1" name="com.hrm.employee.Employee_HRM" time="0.136" errors="0" timestamp="12 Jan 2022 14:40:26 GMT" skipped="0">
  <testcase classname="com.hrm.employee.Employee_HRM" name="TC_02" time="0.136"/>
</testsuite> <!-- com.hrm.employee.Employee_HRM -->
