<?xml version="1.0" encoding="UTF-8"?>
<!-- Generated by org.testng.reporters.JUnitReportReporter -->
<testsuite hostname="ABNER" failures="0" tests="1" name="handle.data.Trans_Data_From_Web" time="46.759" errors="0" timestamp="08 Feb 2022 07:28:08 GMT" skipped="0">
  <testcase classname="handle.data.Trans_Data_From_Web" name="TC_01_Translate" time="46.759"/>
</testsuite> <!-- handle.data.Trans_Data_From_Web -->
