<?xml version="1.0" encoding="UTF-8"?>
<!-- Generated by org.testng.reporters.JUnitReportReporter -->
<testsuite hostname="ABNER" failures="0" tests="1" name="handle.data.Trans_Data_From_Web" time="48.811" errors="0" timestamp="08 Feb 2022 03:01:25 GMT" skipped="0">
  <testcase classname="handle.data.Trans_Data_From_Web" name="TC_01_Translate" time="48.811"/>
</testsuite> <!-- handle.data.Trans_Data_From_Web -->
